<?xml version="1.0" encoding="UTF-8"?>
<!-- Generated by org.testng.reporters.JUnitReportReporter -->
<testsuite hostname="DELL-PC" failures="0" tests="1" name="com.htc.newMadinson.test.LoginTest" time="0.000" errors="0" timestamp="2021-03-16T21:13:23 IST" skipped="1">
  <testcase classname="com.htc.newMadinson.test.LoginTest" name="loginTest" time="0.000">
    <skipped/>
  </testcase> <!-- loginTest -->
  <system-out/>
</testsuite> <!-- com.htc.newMadinson.test.LoginTest -->
