<?xml version="1.0" encoding="UTF-8"?>
<!-- Generated by org.testng.reporters.JUnitReportReporter -->
<testsuite hostname="DELL-PC" failures="0" tests="1" name="com.htc.newMadinson.test.RegistrationTest" time="3.671" errors="0" timestamp="2021-03-17T10:03:37 IST" skipped="0">
  <testcase classname="com.htc.newMadinson.test.RegistrationTest" name="createNewAccountTest_credantialsShouldBeFetchedFromExcel_shouldRegisterSuccessful" time="3.671"/>
  <system-out/>
</testsuite> <!-- com.htc.newMadinson.test.RegistrationTest -->
