<?xml version="1.0" encoding="UTF-8"?>
<!-- Generated by org.testng.reporters.JUnitReportReporter -->
<testsuite hostname="DELL-PC" failures="0" tests="2" name="com.htc.newMadinson.test.LoginPageTest" time="8.911" errors="0" timestamp="2021-03-08T08:42:42 IST" skipped="0">
  <testcase classname="com.htc.newMadinson.test.LoginPageTest" name="testLoginPage_enterCredantials_shouldLoginSuccessful" time="6.954"/>
  <system-out/>
  <testcase classname="com.htc.newMadinson.test.LoginPageTest" name="testLoginPage_InValidloginCredential_ShouldErrorInSigninPage" time="1.957"/>
  <system-out/>
</testsuite> <!-- com.htc.newMadinson.test.LoginPageTest -->
