<?xml version="1.0" encoding="UTF-8"?>
<!-- Generated by org.testng.reporters.JUnitReportReporter -->
<testsuite hostname="DELL-PC" failures="0" tests="2" name="com.htc.newMadinson.test.LoginTest" time="7.502" errors="0" timestamp="2021-03-17T17:47:49 IST" skipped="0">
  <testcase classname="com.htc.newMadinson.test.LoginTest" name="loginTest" time="4.773"/>
  <system-out/>
  <testcase classname="com.htc.newMadinson.test.LoginTest" name="loginTest" time="2.729"/>
  <system-out/>
</testsuite> <!-- com.htc.newMadinson.test.LoginTest -->
