<?xml version="1.0" encoding="UTF-8"?>
<!-- Generated by org.testng.reporters.JUnitReportReporter -->
<testsuite hostname="DELL-PC" failures="0" tests="1" name="com.htc.newMadinson.test.CheckOutTest" time="42.466" errors="0" timestamp="2021-03-15T16:13:56 IST" skipped="0">
  <testcase classname="com.htc.newMadinson.test.CheckOutTest" name="checkOutPageTest_shouldSelectTheProduct_orderShouldBePlaced" time="42.466"/>
  <system-out/>
</testsuite> <!-- com.htc.newMadinson.test.CheckOutTest -->
