<?xml version="1.0" encoding="UTF-8"?>
<!-- Generated by org.testng.reporters.JUnitReportReporter -->
<testsuite hostname="DELL-PC" failures="0" tests="1" name="com.htc.newMadinson.test.CheckOutTest" time="39.946" errors="0" timestamp="2021-03-16T18:27:59 IST" skipped="0">
  <testcase classname="com.htc.newMadinson.test.CheckOutTest" name="checkOutPageTest_shouldSelectTheProduct_orderShouldBePlaced" time="39.946"/>
  <system-out/>
</testsuite> <!-- com.htc.newMadinson.test.CheckOutTest -->
